<?xml version="1.0" encoding="UTF-8"?>
<testsuites name="TS_ProductNavigation" time="21.848" tests="1" failures="0" errors="0">
   <testsuite name="TS_ProductNavigation" tests="1" failures="0" errors="0" time="21.848" skipped="0" timestamp="30-09-2024T14:09:53" hostname="vikas - Radhe" id="Test Suites/TS_ProductNavigation">
      <properties>
         <property name="deviceName" value=""/>
         <property name="devicePlatform"/>
         <property name="logFolder" value="C:\\Users\\vikas\\git\\katlon_repository_1\\Reports\\20240930_140932\\TS_ProductNavigation\\20240930_140932"/>
         <property name="logFiles" value="C:\\Users\\vikas\\git\\katlon_repository_1\\Reports\\20240930_140932\\TS_ProductNavigation\\20240930_140932\\execution0.log"/>
         <property name="attachments" value=""/>
         <property name="hostName" value="vikas - Radhe"/>
         <property name="os" value="Windows 11 64bit"/>
         <property name="katalonVersion" value="9.7.2.223"/>
         <property name="browser" value="Chrome 129.0.0.0"/>
         <property name="hostAddress" value="192.168.0.103"/>
         <property name="sessionId" value="c09928b2335766f9721c4130e354095b"/>
         <property name="seleniumVersion" value="3.141.59"/>
         <property name="proxyInformation" value="ProxyInformation { proxyOption=NO_PROXY, proxyServerType=HTTP, username=, password=********, proxyServerAddress=, proxyServerPort=0, executionList=&quot;&quot;, isApplyToDesiredCapabilities=true }"/>
         <property name="platform" value="Windows 11"/>
      </properties>
      <testcase name="Test Cases/TC_ProductNavigation" time="20.401" classname="Test Cases/TC_ProductNavigation" status="PASSED">
         <system-out><![CDATA[30-09-2024T14:09:55 - [TEST_CASE][PASSED] - Test Cases/TC_ProductNavigation: Test Cases/TC_ProductNavigation

30-09-2024T14:09:57 - [TEST_STEP][PASSED] - openBrowser(""): Browser is opened with url: ''

30-09-2024T14:09:58 - [MESSAGE][INFO] - Starting 'Chrome' driver

30-09-2024T14:09:58 - [MESSAGE][INFO] - Action delay is set to 0 milliseconds

30-09-2024T14:10:04 - [MESSAGE][PASSED] - Browser is opened with url: ''

30-09-2024T14:10:04 - [TEST_STEP][PASSED] - navigateToUrl("https://petstore.octoperf.com/"): Navigate to 'https://petstore.octoperf.com/' successfully

30-09-2024T14:10:05 - [MESSAGE][PASSED] - Navigate to 'https://petstore.octoperf.com/' successfully

30-09-2024T14:10:05 - [TEST_STEP][PASSED] - click(findTestObject("Object Repository/Product_Navigation/Page_JPetStore Demo/a_Enter the Store")): Object: 'Object Repository/Product_Navigation/Page_JPetStore Demo/a_Enter the Store' is clicked on

30-09-2024T14:10:08 - [MESSAGE][PASSED] - Object: 'Object Repository/Product_Navigation/Page_JPetStore Demo/a_Enter the Store' is clicked on

30-09-2024T14:10:08 - [TEST_STEP][PASSED] - click(findTestObject("Object Repository/Product_Navigation/Page_JPetStore Demo/img")): Object: 'Object Repository/Product_Navigation/Page_JPetStore Demo/img' is clicked on

30-09-2024T14:10:09 - [MESSAGE][PASSED] - Object: 'Object Repository/Product_Navigation/Page_JPetStore Demo/img' is clicked on

30-09-2024T14:10:09 - [TEST_STEP][PASSED] - click(findTestObject("Object Repository/Product_Navigation/Page_JPetStore Demo/a_AV-CB-01")): Object: 'Object Repository/Product_Navigation/Page_JPetStore Demo/a_AV-CB-01' is clicked on

30-09-2024T14:10:10 - [MESSAGE][PASSED] - Object: 'Object Repository/Product_Navigation/Page_JPetStore Demo/a_AV-CB-01' is clicked on

30-09-2024T14:10:10 - [TEST_STEP][PASSED] - click(findTestObject("Object Repository/Product_Navigation/Page_JPetStore Demo/a_EST-18")): Object: 'Object Repository/Product_Navigation/Page_JPetStore Demo/a_EST-18' is clicked on

30-09-2024T14:10:11 - [MESSAGE][PASSED] - Object: 'Object Repository/Product_Navigation/Page_JPetStore Demo/a_EST-18' is clicked on

30-09-2024T14:10:11 - [TEST_STEP][PASSED] - click(findTestObject("Object Repository/Product_Navigation/Page_JPetStore Demo/a_Return to AV-CB-01")): Object: 'Object Repository/Product_Navigation/Page_JPetStore Demo/a_Return to AV-CB-01' is clicked on

30-09-2024T14:10:12 - [MESSAGE][PASSED] - Object: 'Object Repository/Product_Navigation/Page_JPetStore Demo/a_Return to AV-CB-01' is clicked on

30-09-2024T14:10:12 - [TEST_STEP][PASSED] - click(findTestObject("Object Repository/Product_Navigation/Page_JPetStore Demo/a_Return to Main Menu")): Object: 'Object Repository/Product_Navigation/Page_JPetStore Demo/a_Return to Main Menu' is clicked on

30-09-2024T14:10:13 - [MESSAGE][PASSED] - Object: 'Object Repository/Product_Navigation/Page_JPetStore Demo/a_Return to Main Menu' is clicked on

30-09-2024T14:10:13 - [TEST_STEP][PASSED] - closeBrowser(): Browser is closed

30-09-2024T14:10:15 - [MESSAGE][PASSED] - Browser is closed]]></system-out>
         <system-err><![CDATA[]]></system-err>
      </testcase>
      <system-out><![CDATA[30-09-2024T14:09:53 - [TEST_SUITE][PASSED] - TS_ProductNavigation: Test Cases/TC_ProductNavigation]]></system-out>
      <system-err><![CDATA[]]></system-err>
   </testsuite>
</testsuites>
